<?xml version="1.0" encoding="UTF-8"?>
<!-- Generated by org.testng.reporters.JUnitXMLReporter -->
<testsuite ignored="0" hostname="Pravalika" failures="0" tests="1" name="Test" time="0.062" errors="0" timestamp="2026-05-04T02:44:37 IST">
  <testcase classname="com.creatio.crm.application.tests.BaseTest" name="@BeforeMethod initializePages" time="0.031">
    <failure type="java.lang.IllegalArgumentException" message="Driver must be set">
      <![CDATA[java.lang.IllegalArgumentException: Driver must be set
at org.openqa.selenium.internal.Require.nonNull(Require.java:68)
at org.openqa.selenium.interactions.Actions.<init>(Actions.java:65)
at org.openqa.selenium.interactions.Actions.<init>(Actions.java:61)
at com.creatio.crm.framework.web.commons.WebCommons.<init>(WebCommons.java:37)
at com.creatio.crm.application.actions.LoginActions.<init>(LoginActions.java:26)
at com.creatio.crm.application.tests.BaseTest.initializePages(BaseTest.java:24)
at java.base/java.util.ArrayList.forEach(ArrayList.java:1596)
... Removed 33 stack frames]]>
    </failure>
  </testcase> <!-- @BeforeMethod initializePages -->
  <testcase classname="com.creatio.crm.application.tests.LoginTest" name="Login" time="0.0">
    <skipped/>
  </testcase> <!-- Login -->
</testsuite> <!-- Test -->
